<?xml version="1.0" encoding="UTF-8"?>
<!-- Generated by org.testng.reporters.JUnitXMLReporter -->
<testsuite hostname="BLR-P7111163L" ignored="0" name="Test" tests="64" failures="2" timestamp="16 Dec 2019 10:08:34 GMT" time="2393.01" errors="0">
  <testcase name="verifyHeroContainerText_FHM_HomePage" time="81.71" classname="com.wp.wpqa_64_verify_global_variables_FHM.VerifyGlobalVariables_FHM_HomePage"/>
  <testcase name="verifyVideos_Clickable_FHM_HomePage" time="20.445" classname="com.wp.wpqa_64_verify_global_variables_FHM.VerifyGlobalVariables_FHM_HomePage"/>
  <testcase name="verifyHeroContainerImage_FHM_HomePage" time="72.88" classname="com.wp.wpqa_64_verify_global_variables_FHM.VerifyGlobalVariables_FHM_HomePage"/>
  <testcase name="verifyWatchMoreVideos_FHM_HomePage" time="89.665" classname="com.wp.wpqa_64_verify_global_variables_FHM.VerifyGlobalVariables_FHM_HomePage"/>
  <testcase name="verifySpotLightSection_FHM_HomePage" time="260.407" classname="com.wp.wpqa_64_verify_global_variables_FHM.VerifyGlobalVariables_FHM_HomePage"/>
  <testcase name="verifyNativoAd_FHM_HomePage" time="0.691" classname="com.wp.wpqa_64_verify_global_variables_FHM.VerifyGlobalVariables_FHM_HomePage"/>
  <testcase name="verifyVideoContainerAvailable_FHM_HomePage" time="0.194" classname="com.wp.wpqa_64_verify_global_variables_FHM.VerifyGlobalVariables_FHM_HomePage"/>
  <testcase name="verifyNativoAdImageWorking_FHM_HomePage" time="66.75" classname="com.wp.wpqa_64_verify_global_variables_FHM.VerifyGlobalVariables_FHM_HomePage"/>
  <testcase name="verifyNativoAdLinkWorking_FHM_HomePage" time="66.841" classname="com.wp.wpqa_64_verify_global_variables_FHM.VerifyGlobalVariables_FHM_HomePage"/>
  <testcase name="verifyFirstCustom_Heading_Working_FHM_HomePage" time="81.403" classname="com.wp.wpqa_64_verify_global_variables_FHM.VerifyGlobalVariables_FHM_HomePage"/>
  <testcase name="verifyFirstCustomCategory_FHM_HomePage" time="249.525" classname="com.wp.wpqa_64_verify_global_variables_FHM.VerifyGlobalVariables_FHM_HomePage"/>
  <testcase name="verifyfirstCustomer_MoreButton" time="79.752" classname="com.wp.wpqa_64_verify_global_variables_FHM.VerifyGlobalVariables_FHM_HomePage"/>
  <testcase name="verifySecondCustom_Heading_Working_FHM_HomePage" time="61.917" classname="com.wp.wpqa_64_verify_global_variables_FHM.VerifyGlobalVariables_FHM_HomePage"/>
  <testcase name="verifySecondCustomCategory_FHM_HomePage" time="188.522" classname="com.wp.wpqa_64_verify_global_variables_FHM.VerifyGlobalVariables_FHM_HomePage"/>
  <testcase name="verifySecondCustom_MoreButton" time="66.521" classname="com.wp.wpqa_64_verify_global_variables_FHM.VerifyGlobalVariables_FHM_HomePage"/>
  <testcase name="verifyTitle_CPT_ListiclePage" time="0.144" classname="com.wp.wpqa_64_verify_global_variables_CPT.VerifyGlobalVariables_CPT_ListiclePage"/>
  <testcase name="verifyLineTest" time="0.109" classname="com.wp.wpqa_64_verify_global_variables_CPT.VerifyGlobalVariables_CPT_ListiclePage"/>
  <testcase name="verifyFacebookLink_CPT_ListiclePage" time="12.361" classname="com.wp.wpqa_64_verify_global_variables_CPT.VerifyGlobalVariables_CPT_ListiclePage"/>
  <testcase name="verifyTwitterLink_CPT_ListiclePage" time="3.78" classname="com.wp.wpqa_64_verify_global_variables_CPT.VerifyGlobalVariables_CPT_ListiclePage"/>
  <testcase name="verifyPinteresttLink_CPT_ListiclePage" time="3.892" classname="com.wp.wpqa_64_verify_global_variables_CPT.VerifyGlobalVariables_CPT_ListiclePage"/>
  <testcase name="verifyDekTest" time="0.057" classname="com.wp.wpqa_64_verify_global_variables_CPT.VerifyGlobalVariables_CPT_ListiclePage"/>
  <testcase name="verifyUpdatedDateTest_CPT_HubPage" time="0.042" classname="com.wp.wpqa_64_verify_global_variables_CPT.VerifyGlobalVariables_CPT_ListiclePage"/>
  <testcase name="verifycardImage_CPT_ListiclePage" time="0.054" classname="com.wp.wpqa_64_verify_global_variables_CPT.VerifyGlobalVariables_CPT_ListiclePage"/>
  <testcase name="verifycardPageCount_CPT_ListiclePage" time="0.048" classname="com.wp.wpqa_64_verify_global_variables_CPT.VerifyGlobalVariables_CPT_ListiclePage"/>
  <testcase name="verifycardImageCredit_CPT_ListiclePage" time="0.091" classname="com.wp.wpqa_64_verify_global_variables_CPT.VerifyGlobalVariables_CPT_ListiclePage"/>
  <testcase name="verifycardTitle_CPT_ListiclePage" time="0.072" classname="com.wp.wpqa_64_verify_global_variables_CPT.VerifyGlobalVariables_CPT_ListiclePage"/>
  <testcase name="verifycardCaption_CPT_ListiclePage" time="0.171" classname="com.wp.wpqa_64_verify_global_variables_CPT.VerifyGlobalVariables_CPT_ListiclePage"/>
  <testcase name="verifyPostDate_CPT_ListiclePage" time="0.075" classname="com.wp.wpqa_64_verify_global_variables_CPT.VerifyGlobalVariables_CPT_ListiclePage"/>
  <testcase name="verifyOriginallyPublishedBrand_CPT_ListiclePage" time="0.063" classname="com.wp.wpqa_64_verify_global_variables_CPT.VerifyGlobalVariables_CPT_ListiclePage"/>
  <testcase name="verifyOriginallyPublishedURL_CPT_ListiclePage" time="0.083" classname="com.wp.wpqa_64_verify_global_variables_CPT.VerifyGlobalVariables_CPT_ListiclePage"/>
  <testcase name="verifyTaboolaContainer_CPT_ListiclePage" time="1.842" classname="com.wp.wpqa_64_verify_global_variables_CPT.VerifyGlobalVariables_CPT_ListiclePage"/>
  <testcase name="verifyTaboolaSidebar_CPT_ListiclePage" time="0.054" classname="com.wp.wpqa_64_verify_global_variables_CPT.VerifyGlobalVariables_CPT_ListiclePage"/>
  <testcase name="verifyCardCount_CPT_ListiclePage" time="0.104" classname="com.wp.wpqa_64_verify_global_variables_CPT.VerifyGlobalVariables_CPT_ListiclePage"/>
  <testcase name="verify_Banner_CPT_HubPage" time="0.176" classname="com.wp.wpqa_64_verify_global_variables_CPT.VerifyGlobalVariables_CPT_HubPage"/>
  <testcase name="verify_BreadCrumb_CPT_HubPage" time="0.146" classname="com.wp.wpqa_64_verify_global_variables_CPT.VerifyGlobalVariables_CPT_HubPage"/>
  <testcase name="verify_Title_CPT_HubPage" time="0.041" classname="com.wp.wpqa_64_verify_global_variables_CPT.VerifyGlobalVariables_CPT_HubPage"/>
  <testcase name="verify_ArchieveDescription_CPT_HubPage" time="0.046" classname="com.wp.wpqa_64_verify_global_variables_CPT.VerifyGlobalVariables_CPT_HubPage"/>
  <testcase name="verify_BrowseByList_CPT_HubPage" time="4.584" classname="com.wp.wpqa_64_verify_global_variables_CPT.VerifyGlobalVariables_CPT_HubPage">
    <failure type="org.openqa.selenium.StaleElementReferenceException" message="stale element reference: element is not attached to the page document
  (Session info: chrome=78.0.3904.108)
  (Driver info: chromedriver=2.41.578737 (49da6702b16031c40d63e5618de03a32ff6c197e),platform=Windows NT 10.0.17763 x86_64) (WARNING: The server did not provide any stacktrace information)
Command duration or timeout: 0 milliseconds
For documentation on this error, please visit: http://seleniumhq.org/exceptions/stale_element_reference.html
Build info: version: &amp;apos;3.14.0&amp;apos;, revision: &amp;apos;aacccce0&amp;apos;, time: &amp;apos;2018-08-02T20:19:58.91Z&amp;apos;
System info: host: &amp;apos;BLR-P7111163L&amp;apos;, ip: &amp;apos;172.25.36.212&amp;apos;, os.name: &amp;apos;Windows 10&amp;apos;, os.arch: &amp;apos;amd64&amp;apos;, os.version: &amp;apos;10.0&amp;apos;, java.version: &amp;apos;1.8.0_172&amp;apos;
Driver info: org.openqa.selenium.chrome.ChromeDriver
Capabilities {acceptInsecureCerts: false, acceptSslCerts: false, applicationCacheEnabled: false, browserConnectionEnabled: false, browserName: chrome, chrome: {chromedriverVersion: 2.41.578737 (49da6702b16031..., userDataDir: C:\Users\p7111163\AppData\L...}, cssSelectorsEnabled: true, databaseEnabled: false, goog:chromeOptions: {debuggerAddress: localhost:61582}, handlesAlerts: true, hasTouchScreen: false, javascriptEnabled: true, locationContextEnabled: true, mobileEmulationEnabled: false, nativeEvents: true, networkConnectionEnabled: false, pageLoadStrategy: normal, platform: XP, platformName: XP, rotatable: false, setWindowRect: true, takesHeapSnapshot: true, takesScreenshot: true, unexpectedAlertBehaviour: , unhandledPromptBehavior: , version: 78.0.3904.108, webStorageEnabled: true}
Session ID: d9bd640d25675a99567b12068c43b401">
      <![CDATA[org.openqa.selenium.StaleElementReferenceException: stale element reference: element is not attached to the page document
  (Session info: chrome=78.0.3904.108)
  (Driver info: chromedriver=2.41.578737 (49da6702b16031c40d63e5618de03a32ff6c197e),platform=Windows NT 10.0.17763 x86_64) (WARNING: The server did not provide any stacktrace information)
Command duration or timeout: 0 milliseconds
For documentation on this error, please visit: http://seleniumhq.org/exceptions/stale_element_reference.html
Build info: version: '3.14.0', revision: 'aacccce0', time: '2018-08-02T20:19:58.91Z'
System info: host: 'BLR-P7111163L', ip: '172.25.36.212', os.name: 'Windows 10', os.arch: 'amd64', os.version: '10.0', java.version: '1.8.0_172'
Driver info: org.openqa.selenium.chrome.ChromeDriver
Capabilities {acceptInsecureCerts: false, acceptSslCerts: false, applicationCacheEnabled: false, browserConnectionEnabled: false, browserName: chrome, chrome: {chromedriverVersion: 2.41.578737 (49da6702b16031..., userDataDir: C:\Users\p7111163\AppData\L...}, cssSelectorsEnabled: true, databaseEnabled: false, goog:chromeOptions: {debuggerAddress: localhost:61582}, handlesAlerts: true, hasTouchScreen: false, javascriptEnabled: true, locationContextEnabled: true, mobileEmulationEnabled: false, nativeEvents: true, networkConnectionEnabled: false, pageLoadStrategy: normal, platform: XP, platformName: XP, rotatable: false, setWindowRect: true, takesHeapSnapshot: true, takesScreenshot: true, unexpectedAlertBehaviour: , unhandledPromptBehavior: , version: 78.0.3904.108, webStorageEnabled: true}
Session ID: d9bd640d25675a99567b12068c43b401
at org.openqa.selenium.remote.ErrorHandler.createThrowable(ErrorHandler.java:214)
at org.openqa.selenium.remote.ErrorHandler.throwIfResponseFailed(ErrorHandler.java:166)
at org.openqa.selenium.remote.http.JsonHttpResponseCodec.reconstructValue(JsonHttpResponseCodec.java:40)
at org.openqa.selenium.remote.http.AbstractHttpResponseCodec.decode(AbstractHttpResponseCodec.java:80)
at org.openqa.selenium.remote.http.AbstractHttpResponseCodec.decode(AbstractHttpResponseCodec.java:44)
at org.openqa.selenium.remote.HttpCommandExecutor.execute(HttpCommandExecutor.java:158)
at org.openqa.selenium.remote.service.DriverCommandExecutor.execute(DriverCommandExecutor.java:83)
at org.openqa.selenium.remote.RemoteWebDriver.execute(RemoteWebDriver.java:548)
at org.openqa.selenium.remote.RemoteWebElement.execute(RemoteWebElement.java:276)
at org.openqa.selenium.remote.RemoteWebElement.isEnabled(RemoteWebElement.java:150)
at com.wp.pageObjectRepo.GlobalFunctions.verifyBrowseByList(GlobalFunctions.java:931)
at com.wp.wpqa_64_verify_global_variables_CPT.VerifyGlobalVariables_CPT_HubPage.verify_BrowseByList_CPT_HubPage(VerifyGlobalVariables_CPT_HubPage.java:135)
... Removed 29 stack frames]]>
    </failure>
  </testcase> <!-- verify_BrowseByList_CPT_HubPage -->
  <testcase name="verify_heroContainerImage_CPT_HubPage" time="14.23" classname="com.wp.wpqa_64_verify_global_variables_CPT.VerifyGlobalVariables_CPT_HubPage"/>
  <testcase name="verify_heroContainerLink_CPT_HubPage" time="7.736" classname="com.wp.wpqa_64_verify_global_variables_CPT.VerifyGlobalVariables_CPT_HubPage"/>
  <testcase name="verify_featuredModule_Link5_1_CPT_HubPage" time="64.855" classname="com.wp.wpqa_64_verify_global_variables_CPT.VerifyGlobalVariables_CPT_HubPage"/>
  <testcase name="verify_featuredModule_Image5_1_CPT_HubPage" time="96.378" classname="com.wp.wpqa_64_verify_global_variables_CPT.VerifyGlobalVariables_CPT_HubPage"/>
  <testcase name="verify_featuredModule_Link4_2_CPT_HubPage" time="28.194" classname="com.wp.wpqa_64_verify_global_variables_CPT.VerifyGlobalVariables_CPT_HubPage">
    <failure type="java.lang.AssertionError" message="Feature module link is not working successfully on site :https://www.constructionprotips.com/jobsite-tips/ After clicking Feature module link, user navigates to : https://www.constructionprotips.com/tools-materials/heavy-equipment/how-to-tow-a-trailer-safely-and-avoid-disasters/ expected [true] but found [false]">
      <![CDATA[java.lang.AssertionError: Feature module link is not working successfully on site :https://www.constructionprotips.com/jobsite-tips/ After clicking Feature module link, user navigates to : https://www.constructionprotips.com/tools-materials/heavy-equipment/how-to-tow-a-trailer-safely-and-avoid-disasters/ expected [true] but found [false]
at com.wp.pageObjectRepo.GlobalFunctions.verifyIsFeaturedModuleWorking(GlobalFunctions.java:578)
at com.wp.wpqa_64_verify_global_variables_CPT.VerifyGlobalVariables_CPT_HubPage.verify_featuredModule_Link4_2_CPT_HubPage(VerifyGlobalVariables_CPT_HubPage.java:229)
... Removed 28 stack frames]]>
    </failure>
  </testcase> <!-- verify_featuredModule_Link4_2_CPT_HubPage -->
  <testcase name="verify_featuredModule_Image4_2_CPT_HubPage" time="104.023" classname="com.wp.wpqa_64_verify_global_variables_CPT.VerifyGlobalVariables_CPT_HubPage"/>
  <testcase name="verify_featuredModule_Link4_1_CPT_HubPage" time="54.096" classname="com.wp.wpqa_64_verify_global_variables_CPT.VerifyGlobalVariables_CPT_HubPage"/>
  <testcase name="verify_featuredModule_Image4_1_CPT_HubPage" time="103.416" classname="com.wp.wpqa_64_verify_global_variables_CPT.VerifyGlobalVariables_CPT_HubPage"/>
  <testcase name="newsletterSignUpTest_CPT_HubPage" time="17.566" classname="com.wp.wpqa_64_verify_global_variables_CPT.VerifyGlobalVariables_CPT_HubPage"/>
  <testcase name="diyuLogoTest_CPT_HubPage" time="17.811" classname="com.wp.wpqa_64_verify_global_variables_CPT.VerifyGlobalVariables_CPT_HubPage"/>
  <testcase name="Pagination_CPT_HubPage" time="11.295" classname="com.wp.wpqa_64_verify_global_variables_CPT.VerifyGlobalVariables_CPT_HubPage"/>
  <testcase name="verifyPlayerContainer_CPT_VideoPage" time="0.107" classname="com.wp.wpqa_64_verify_global_variables_CPT.VerifyGlobalVariables_CPT_VideoPage"/>
  <testcase name="verifyVideoFeaturedPlaylistLinks_CPT_VideoPage" time="117.644" classname="com.wp.wpqa_64_verify_global_variables_CPT.VerifyGlobalVariables_CPT_VideoPage"/>
  <testcase name="verifyVideoPlaylistThumbnailImage_CPT_VideoPage" time="88.953" classname="com.wp.wpqa_64_verify_global_variables_CPT.VerifyGlobalVariables_CPT_VideoPage"/>
  <testcase name="verifyVideoPlaylistSlider_CPT_VideoPage" time="0.402" classname="com.wp.wpqa_64_verify_global_variables_CPT.VerifyGlobalVariables_CPT_VideoPage"/>
  <testcase name="verifyVideoPlaylistPreviousArrow_CPT_VideoPage" time="5.128" classname="com.wp.wpqa_64_verify_global_variables_CPT.VerifyGlobalVariables_CPT_VideoPage"/>
  <testcase name="verifyVideoPlaylistNextArrow_CPT_VideoPage" time="5.13" classname="com.wp.wpqa_64_verify_global_variables_CPT.VerifyGlobalVariables_CPT_VideoPage"/>
  <testcase name="verifyVideoPlaylistDots_CPT_VideoPage" time="5.129" classname="com.wp.wpqa_64_verify_global_variables_CPT.VerifyGlobalVariables_CPT_VideoPage"/>
  <testcase name="verifyTitle_CPT_ArticlePage" time="0.042" classname="com.wp.wpqa_64_verify_global_variables_CPT.VerifyGlobalVariables_CPT_ArticlePage"/>
  <testcase name="verifyLineTest" time="0.094" classname="com.wp.wpqa_64_verify_global_variables_CPT.VerifyGlobalVariables_CPT_ArticlePage"/>
  <testcase name="verifyTaboolaSidebarTest" time="0.039" classname="com.wp.wpqa_64_verify_global_variables_CPT.VerifyGlobalVariables_CPT_ArticlePage"/>
  <testcase name="newsletterSignUpTest_CPT_HubPage" time="28.731" classname="com.wp.wpqa_64_verify_global_variables_CPT.VerifyGlobalVariables_CPT_ArticlePage"/>
  <testcase name="verifyDekTest" time="0.092" classname="com.wp.wpqa_64_verify_global_variables_CPT.VerifyGlobalVariables_CPT_ArticlePage"/>
  <testcase name="verifyFacebookLink_CPT_ArticlePage" time="13.207" classname="com.wp.wpqa_64_verify_global_variables_CPT.VerifyGlobalVariables_CPT_ArticlePage"/>
  <testcase name="verifyTwitterLink_CPT_ArticlePage" time="3.639" classname="com.wp.wpqa_64_verify_global_variables_CPT.VerifyGlobalVariables_CPT_ArticlePage"/>
  <testcase name="verifyPinteresttLink_CPT_ArticlePage" time="3.428" classname="com.wp.wpqa_64_verify_global_variables_CPT.VerifyGlobalVariables_CPT_ArticlePage"/>
</testsuite> <!-- Test -->
