<?xml version="1.0" encoding="UTF-8"?>
<!-- Generated by org.testng.reporters.JUnitReportReporter -->
<testsuite hostname="BLR-P7110592L" name="com.toh.wpqa_65_check_for_key_value_contentid.ConfirmContentidHasValueRD" tests="8" failures="5" timestamp="26 Jun 2019 11:43:53 GMT" time="473.060" errors="0">
  <testcase name="confirmContentidHasValueRD_SlideshowPage" time="58.300" classname="com.toh.wpqa_65_check_for_key_value_contentid.ConfirmContentidHasValueRD"/>
  <testcase name="confirmContentidHasValueRD_AboutPage" time="61.751" classname="com.toh.wpqa_65_check_for_key_value_contentid.ConfirmContentidHasValueRD">
    <failure type="java.lang.AssertionError" message="The Key :contentID doesn&#039;t have any value in the URL: https://staging.rd.com/contact-us/?googfc. The actual value fetched from UI is: Setting targeting attribute contentID with value for service publisher_ads expected [true] but found [false]">
      <![CDATA[java.lang.AssertionError: The Key :contentID doesn't have any value in the URL: https://staging.rd.com/contact-us/?googfc. The actual value fetched from UI is: Setting targeting attribute contentID with value for service publisher_ads expected [true] but found [false]
	at org.testng.Assert.fail(Assert.java:94)
	at org.testng.Assert.failNotEquals(Assert.java:513)
	at org.testng.Assert.assertEqualsImpl(Assert.java:135)
	at org.testng.Assert.assertEquals(Assert.java:116)
	at org.testng.Assert.assertEquals(Assert.java:305)
	at com.toh.pageObjectRepo.GlobalFunctions.verifyKeyValueAttributesGoogfc(GlobalFunctions.java:253)
	at com.toh.wpqa_65_check_for_key_value_contentid.ConfirmContentidHasValueRD.confirmContentidHasValueRD_AboutPage(ConfirmContentidHasValueRD.java:60)
	at sun.reflect.NativeMethodAccessorImpl.invoke0(Native Method)
	at sun.reflect.NativeMethodAccessorImpl.invoke(NativeMethodAccessorImpl.java:62)
	at sun.reflect.DelegatingMethodAccessorImpl.invoke(DelegatingMethodAccessorImpl.java:43)
	at java.lang.reflect.Method.invoke(Method.java:483)
	at org.testng.internal.MethodInvocationHelper.invokeMethod(MethodInvocationHelper.java:86)
	at org.testng.internal.Invoker.invokeMethod(Invoker.java:645)
	at org.testng.internal.Invoker.invokeTestMethod(Invoker.java:822)
	at org.testng.internal.Invoker.invokeTestMethods(Invoker.java:1130)
	at org.testng.internal.TestMethodWorker.invokeTestMethods(TestMethodWorker.java:129)
	at org.testng.internal.TestMethodWorker.run(TestMethodWorker.java:112)
	at org.testng.TestRunner.privateRun(TestRunner.java:782)
	at org.testng.TestRunner.run(TestRunner.java:632)
	at org.testng.SuiteRunner.runTest(SuiteRunner.java:366)
	at org.testng.SuiteRunner.runSequentially(SuiteRunner.java:361)
	at org.testng.SuiteRunner.privateRun(SuiteRunner.java:319)
	at org.testng.SuiteRunner.run(SuiteRunner.java:268)
	at org.testng.SuiteRunnerWorker.runSuite(SuiteRunnerWorker.java:52)
	at org.testng.SuiteRunnerWorker.run(SuiteRunnerWorker.java:86)
	at org.testng.TestNG.runSuitesSequentially(TestNG.java:1244)
	at org.testng.TestNG.runSuitesLocally(TestNG.java:1169)
	at org.testng.TestNG.run(TestNG.java:1064)
	at org.testng.remote.RemoteTestNG.run(RemoteTestNG.java:113)
	at org.testng.remote.RemoteTestNG.initAndRun(RemoteTestNG.java:206)
	at org.testng.remote.RemoteTestNG.main(RemoteTestNG.java:177)
]]>
    </failure>
  </testcase> <!-- confirmContentidHasValueRD_AboutPage -->
  <testcase name="confirmContentidHasValueRD_VideoHubPage" time="66.704" classname="com.toh.wpqa_65_check_for_key_value_contentid.ConfirmContentidHasValueRD">
    <failure type="java.lang.AssertionError" message="The Key :contentID doesn&#039;t have any value in the URL: https://staging.rd.com/videos/?googfc. The actual value fetched from UI is: Setting targeting attribute contentID with value for service publisher_ads expected [true] but found [false]">
      <![CDATA[java.lang.AssertionError: The Key :contentID doesn't have any value in the URL: https://staging.rd.com/videos/?googfc. The actual value fetched from UI is: Setting targeting attribute contentID with value for service publisher_ads expected [true] but found [false]
	at org.testng.Assert.fail(Assert.java:94)
	at org.testng.Assert.failNotEquals(Assert.java:513)
	at org.testng.Assert.assertEqualsImpl(Assert.java:135)
	at org.testng.Assert.assertEquals(Assert.java:116)
	at org.testng.Assert.assertEquals(Assert.java:305)
	at com.toh.pageObjectRepo.GlobalFunctions.verifyKeyValueAttributesGoogfc(GlobalFunctions.java:253)
	at com.toh.wpqa_65_check_for_key_value_contentid.ConfirmContentidHasValueRD.confirmContentidHasValueRD_VideoHubPage(ConfirmContentidHasValueRD.java:165)
	at sun.reflect.NativeMethodAccessorImpl.invoke0(Native Method)
	at sun.reflect.NativeMethodAccessorImpl.invoke(NativeMethodAccessorImpl.java:62)
	at sun.reflect.DelegatingMethodAccessorImpl.invoke(DelegatingMethodAccessorImpl.java:43)
	at java.lang.reflect.Method.invoke(Method.java:483)
	at org.testng.internal.MethodInvocationHelper.invokeMethod(MethodInvocationHelper.java:86)
	at org.testng.internal.Invoker.invokeMethod(Invoker.java:645)
	at org.testng.internal.Invoker.invokeTestMethod(Invoker.java:822)
	at org.testng.internal.Invoker.invokeTestMethods(Invoker.java:1130)
	at org.testng.internal.TestMethodWorker.invokeTestMethods(TestMethodWorker.java:129)
	at org.testng.internal.TestMethodWorker.run(TestMethodWorker.java:112)
	at org.testng.TestRunner.privateRun(TestRunner.java:782)
	at org.testng.TestRunner.run(TestRunner.java:632)
	at org.testng.SuiteRunner.runTest(SuiteRunner.java:366)
	at org.testng.SuiteRunner.runSequentially(SuiteRunner.java:361)
	at org.testng.SuiteRunner.privateRun(SuiteRunner.java:319)
	at org.testng.SuiteRunner.run(SuiteRunner.java:268)
	at org.testng.SuiteRunnerWorker.runSuite(SuiteRunnerWorker.java:52)
	at org.testng.SuiteRunnerWorker.run(SuiteRunnerWorker.java:86)
	at org.testng.TestNG.runSuitesSequentially(TestNG.java:1244)
	at org.testng.TestNG.runSuitesLocally(TestNG.java:1169)
	at org.testng.TestNG.run(TestNG.java:1064)
	at org.testng.remote.RemoteTestNG.run(RemoteTestNG.java:113)
	at org.testng.remote.RemoteTestNG.initAndRun(RemoteTestNG.java:206)
	at org.testng.remote.RemoteTestNG.main(RemoteTestNG.java:177)
]]>
    </failure>
  </testcase> <!-- confirmContentidHasValueRD_VideoHubPage -->
  <testcase name="confirmContentidHasValueRD_ListiclePage" time="68.571" classname="com.toh.wpqa_65_check_for_key_value_contentid.ConfirmContentidHasValueRD"/>
  <testcase name="confirmContentidHasValueRD_HubPage" time="52.649" classname="com.toh.wpqa_65_check_for_key_value_contentid.ConfirmContentidHasValueRD">
    <failure type="java.lang.AssertionError" message="The Key :contentID doesn&#039;t have any value in the URL: https://staging.rd.com/health/?googfc. The actual value fetched from UI is: Setting targeting attribute contentID with value for service publisher_ads expected [true] but found [false]">
      <![CDATA[java.lang.AssertionError: The Key :contentID doesn't have any value in the URL: https://staging.rd.com/health/?googfc. The actual value fetched from UI is: Setting targeting attribute contentID with value for service publisher_ads expected [true] but found [false]
	at org.testng.Assert.fail(Assert.java:94)
	at org.testng.Assert.failNotEquals(Assert.java:513)
	at org.testng.Assert.assertEqualsImpl(Assert.java:135)
	at org.testng.Assert.assertEquals(Assert.java:116)
	at org.testng.Assert.assertEquals(Assert.java:305)
	at com.toh.pageObjectRepo.GlobalFunctions.verifyKeyValueAttributesGoogfc(GlobalFunctions.java:253)
	at com.toh.wpqa_65_check_for_key_value_contentid.ConfirmContentidHasValueRD.confirmContentidHasValueRD_HubPage(ConfirmContentidHasValueRD.java:81)
	at sun.reflect.NativeMethodAccessorImpl.invoke0(Native Method)
	at sun.reflect.NativeMethodAccessorImpl.invoke(NativeMethodAccessorImpl.java:62)
	at sun.reflect.DelegatingMethodAccessorImpl.invoke(DelegatingMethodAccessorImpl.java:43)
	at java.lang.reflect.Method.invoke(Method.java:483)
	at org.testng.internal.MethodInvocationHelper.invokeMethod(MethodInvocationHelper.java:86)
	at org.testng.internal.Invoker.invokeMethod(Invoker.java:645)
	at org.testng.internal.Invoker.invokeTestMethod(Invoker.java:822)
	at org.testng.internal.Invoker.invokeTestMethods(Invoker.java:1130)
	at org.testng.internal.TestMethodWorker.invokeTestMethods(TestMethodWorker.java:129)
	at org.testng.internal.TestMethodWorker.run(TestMethodWorker.java:112)
	at org.testng.TestRunner.privateRun(TestRunner.java:782)
	at org.testng.TestRunner.run(TestRunner.java:632)
	at org.testng.SuiteRunner.runTest(SuiteRunner.java:366)
	at org.testng.SuiteRunner.runSequentially(SuiteRunner.java:361)
	at org.testng.SuiteRunner.privateRun(SuiteRunner.java:319)
	at org.testng.SuiteRunner.run(SuiteRunner.java:268)
	at org.testng.SuiteRunnerWorker.runSuite(SuiteRunnerWorker.java:52)
	at org.testng.SuiteRunnerWorker.run(SuiteRunnerWorker.java:86)
	at org.testng.TestNG.runSuitesSequentially(TestNG.java:1244)
	at org.testng.TestNG.runSuitesLocally(TestNG.java:1169)
	at org.testng.TestNG.run(TestNG.java:1064)
	at org.testng.remote.RemoteTestNG.run(RemoteTestNG.java:113)
	at org.testng.remote.RemoteTestNG.initAndRun(RemoteTestNG.java:206)
	at org.testng.remote.RemoteTestNG.main(RemoteTestNG.java:177)
]]>
    </failure>
  </testcase> <!-- confirmContentidHasValueRD_HubPage -->
  <testcase name="confirmContentidHasValueRD_ArticlePage" time="66.788" classname="com.toh.wpqa_65_check_for_key_value_contentid.ConfirmContentidHasValueRD"/>
  <testcase name="confirmContentidHasValueRD_HomePage" time="51.857" classname="com.toh.wpqa_65_check_for_key_value_contentid.ConfirmContentidHasValueRD">
    <failure type="java.lang.AssertionError" message="The Key :contentID doesn&#039;t have any value in the URL: https://staging.rd.com/?googfc. The actual value fetched from UI is: Setting targeting attribute contentID with value for service publisher_ads expected [true] but found [false]">
      <![CDATA[java.lang.AssertionError: The Key :contentID doesn't have any value in the URL: https://staging.rd.com/?googfc. The actual value fetched from UI is: Setting targeting attribute contentID with value for service publisher_ads expected [true] but found [false]
	at org.testng.Assert.fail(Assert.java:94)
	at org.testng.Assert.failNotEquals(Assert.java:513)
	at org.testng.Assert.assertEqualsImpl(Assert.java:135)
	at org.testng.Assert.assertEquals(Assert.java:116)
	at org.testng.Assert.assertEquals(Assert.java:305)
	at com.toh.pageObjectRepo.GlobalFunctions.verifyKeyValueAttributesGoogfc(GlobalFunctions.java:253)
	at com.toh.wpqa_65_check_for_key_value_contentid.ConfirmContentidHasValueRD.confirmContentidHasValueRD_HomePage(ConfirmContentidHasValueRD.java:39)
	at sun.reflect.NativeMethodAccessorImpl.invoke0(Native Method)
	at sun.reflect.NativeMethodAccessorImpl.invoke(NativeMethodAccessorImpl.java:62)
	at sun.reflect.DelegatingMethodAccessorImpl.invoke(DelegatingMethodAccessorImpl.java:43)
	at java.lang.reflect.Method.invoke(Method.java:483)
	at org.testng.internal.MethodInvocationHelper.invokeMethod(MethodInvocationHelper.java:86)
	at org.testng.internal.Invoker.invokeMethod(Invoker.java:645)
	at org.testng.internal.Invoker.invokeTestMethod(Invoker.java:822)
	at org.testng.internal.Invoker.invokeTestMethods(Invoker.java:1130)
	at org.testng.internal.TestMethodWorker.invokeTestMethods(TestMethodWorker.java:129)
	at org.testng.internal.TestMethodWorker.run(TestMethodWorker.java:112)
	at org.testng.TestRunner.privateRun(TestRunner.java:782)
	at org.testng.TestRunner.run(TestRunner.java:632)
	at org.testng.SuiteRunner.runTest(SuiteRunner.java:366)
	at org.testng.SuiteRunner.runSequentially(SuiteRunner.java:361)
	at org.testng.SuiteRunner.privateRun(SuiteRunner.java:319)
	at org.testng.SuiteRunner.run(SuiteRunner.java:268)
	at org.testng.SuiteRunnerWorker.runSuite(SuiteRunnerWorker.java:52)
	at org.testng.SuiteRunnerWorker.run(SuiteRunnerWorker.java:86)
	at org.testng.TestNG.runSuitesSequentially(TestNG.java:1244)
	at org.testng.TestNG.runSuitesLocally(TestNG.java:1169)
	at org.testng.TestNG.run(TestNG.java:1064)
	at org.testng.remote.RemoteTestNG.run(RemoteTestNG.java:113)
	at org.testng.remote.RemoteTestNG.initAndRun(RemoteTestNG.java:206)
	at org.testng.remote.RemoteTestNG.main(RemoteTestNG.java:177)
]]>
    </failure>
  </testcase> <!-- confirmContentidHasValueRD_HomePage -->
  <testcase name="confirmContentidHasValueRD_JokeHubPage" time="46.440" classname="com.toh.wpqa_65_check_for_key_value_contentid.ConfirmContentidHasValueRD">
    <failure type="java.lang.AssertionError" message="The Key :contentID doesn&#039;t have any value in the URL: https://staging.rd.com/jokes/?googfc. The actual value fetched from UI is: Setting targeting attribute contentID with value for service publisher_ads expected [true] but found [false]">
      <![CDATA[java.lang.AssertionError: The Key :contentID doesn't have any value in the URL: https://staging.rd.com/jokes/?googfc. The actual value fetched from UI is: Setting targeting attribute contentID with value for service publisher_ads expected [true] but found [false]
	at org.testng.Assert.fail(Assert.java:94)
	at org.testng.Assert.failNotEquals(Assert.java:513)
	at org.testng.Assert.assertEqualsImpl(Assert.java:135)
	at org.testng.Assert.assertEquals(Assert.java:116)
	at org.testng.Assert.assertEquals(Assert.java:305)
	at com.toh.pageObjectRepo.GlobalFunctions.verifyKeyValueAttributesGoogfc(GlobalFunctions.java:253)
	at com.toh.wpqa_65_check_for_key_value_contentid.ConfirmContentidHasValueRD.confirmContentidHasValueRD_JokeHubPage(ConfirmContentidHasValueRD.java:186)
	at sun.reflect.NativeMethodAccessorImpl.invoke0(Native Method)
	at sun.reflect.NativeMethodAccessorImpl.invoke(NativeMethodAccessorImpl.java:62)
	at sun.reflect.DelegatingMethodAccessorImpl.invoke(DelegatingMethodAccessorImpl.java:43)
	at java.lang.reflect.Method.invoke(Method.java:483)
	at org.testng.internal.MethodInvocationHelper.invokeMethod(MethodInvocationHelper.java:86)
	at org.testng.internal.Invoker.invokeMethod(Invoker.java:645)
	at org.testng.internal.Invoker.invokeTestMethod(Invoker.java:822)
	at org.testng.internal.Invoker.invokeTestMethods(Invoker.java:1130)
	at org.testng.internal.TestMethodWorker.invokeTestMethods(TestMethodWorker.java:129)
	at org.testng.internal.TestMethodWorker.run(TestMethodWorker.java:112)
	at org.testng.TestRunner.privateRun(TestRunner.java:782)
	at org.testng.TestRunner.run(TestRunner.java:632)
	at org.testng.SuiteRunner.runTest(SuiteRunner.java:366)
	at org.testng.SuiteRunner.runSequentially(SuiteRunner.java:361)
	at org.testng.SuiteRunner.privateRun(SuiteRunner.java:319)
	at org.testng.SuiteRunner.run(SuiteRunner.java:268)
	at org.testng.SuiteRunnerWorker.runSuite(SuiteRunnerWorker.java:52)
	at org.testng.SuiteRunnerWorker.run(SuiteRunnerWorker.java:86)
	at org.testng.TestNG.runSuitesSequentially(TestNG.java:1244)
	at org.testng.TestNG.runSuitesLocally(TestNG.java:1169)
	at org.testng.TestNG.run(TestNG.java:1064)
	at org.testng.remote.RemoteTestNG.run(RemoteTestNG.java:113)
	at org.testng.remote.RemoteTestNG.initAndRun(RemoteTestNG.java:206)
	at org.testng.remote.RemoteTestNG.main(RemoteTestNG.java:177)
]]>
    </failure>
  </testcase> <!-- confirmContentidHasValueRD_JokeHubPage -->
</testsuite> <!-- com.toh.wpqa_65_check_for_key_value_contentid.ConfirmContentidHasValueRD -->
