<?xml version="1.0" encoding="UTF-8"?>
<!-- Generated by org.testng.reporters.JUnitReportReporter -->
<testsuite hostname="BLR-P7110592L" name="com.toh.wpqa_65_check_for_key_value_contentid.ConfirmContentidHasValueCPT" tests="7" failures="4" timestamp="26 Jun 2019 11:43:53 GMT" time="254.722" errors="0">
  <testcase name="confirmContentidHasValueCPT_VideoHubPage" time="35.781" classname="com.toh.wpqa_65_check_for_key_value_contentid.ConfirmContentidHasValueCPT">
    <failure type="java.lang.AssertionError" message="The Key :contentID doesn&#039;t have any value in the URL: https://staging.constructionprotips.com/videos/?googfc. The actual value fetched from UI is: Setting targeting attribute contentID with value for service publisher_ads expected [true] but found [false]">
      <![CDATA[java.lang.AssertionError: The Key :contentID doesn't have any value in the URL: https://staging.constructionprotips.com/videos/?googfc. The actual value fetched from UI is: Setting targeting attribute contentID with value for service publisher_ads expected [true] but found [false]
	at org.testng.Assert.fail(Assert.java:94)
	at org.testng.Assert.failNotEquals(Assert.java:513)
	at org.testng.Assert.assertEqualsImpl(Assert.java:135)
	at org.testng.Assert.assertEquals(Assert.java:116)
	at org.testng.Assert.assertEquals(Assert.java:305)
	at com.toh.pageObjectRepo.GlobalFunctions.verifyKeyValueAttributesGoogfc(GlobalFunctions.java:253)
	at com.toh.wpqa_65_check_for_key_value_contentid.ConfirmContentidHasValueCPT.confirmContentidHasValueCPT_VideoHubPage(ConfirmContentidHasValueCPT.java:165)
	at sun.reflect.NativeMethodAccessorImpl.invoke0(Native Method)
	at sun.reflect.NativeMethodAccessorImpl.invoke(NativeMethodAccessorImpl.java:62)
	at sun.reflect.DelegatingMethodAccessorImpl.invoke(DelegatingMethodAccessorImpl.java:43)
	at java.lang.reflect.Method.invoke(Method.java:483)
	at org.testng.internal.MethodInvocationHelper.invokeMethod(MethodInvocationHelper.java:86)
	at org.testng.internal.Invoker.invokeMethod(Invoker.java:645)
	at org.testng.internal.Invoker.invokeTestMethod(Invoker.java:822)
	at org.testng.internal.Invoker.invokeTestMethods(Invoker.java:1130)
	at org.testng.internal.TestMethodWorker.invokeTestMethods(TestMethodWorker.java:129)
	at org.testng.internal.TestMethodWorker.run(TestMethodWorker.java:112)
	at org.testng.TestRunner.privateRun(TestRunner.java:782)
	at org.testng.TestRunner.run(TestRunner.java:632)
	at org.testng.SuiteRunner.runTest(SuiteRunner.java:366)
	at org.testng.SuiteRunner.runSequentially(SuiteRunner.java:361)
	at org.testng.SuiteRunner.privateRun(SuiteRunner.java:319)
	at org.testng.SuiteRunner.run(SuiteRunner.java:268)
	at org.testng.SuiteRunnerWorker.runSuite(SuiteRunnerWorker.java:52)
	at org.testng.SuiteRunnerWorker.run(SuiteRunnerWorker.java:86)
	at org.testng.TestNG.runSuitesSequentially(TestNG.java:1244)
	at org.testng.TestNG.runSuitesLocally(TestNG.java:1169)
	at org.testng.TestNG.run(TestNG.java:1064)
	at org.testng.remote.RemoteTestNG.run(RemoteTestNG.java:113)
	at org.testng.remote.RemoteTestNG.initAndRun(RemoteTestNG.java:206)
	at org.testng.remote.RemoteTestNG.main(RemoteTestNG.java:177)
]]>
    </failure>
  </testcase> <!-- confirmContentidHasValueCPT_VideoHubPage -->
  <testcase name="confirmContentidHasValueCPT_ContactUsPage" time="34.742" classname="com.toh.wpqa_65_check_for_key_value_contentid.ConfirmContentidHasValueCPT">
    <failure type="java.lang.AssertionError" message="The Key :contentID doesn&#039;t have any value in the URL: https://staging.constructionprotips.com/contact-us/?googfc. The actual value fetched from UI is: Setting targeting attribute contentID with value for service publisher_ads expected [true] but found [false]">
      <![CDATA[java.lang.AssertionError: The Key :contentID doesn't have any value in the URL: https://staging.constructionprotips.com/contact-us/?googfc. The actual value fetched from UI is: Setting targeting attribute contentID with value for service publisher_ads expected [true] but found [false]
	at org.testng.Assert.fail(Assert.java:94)
	at org.testng.Assert.failNotEquals(Assert.java:513)
	at org.testng.Assert.assertEqualsImpl(Assert.java:135)
	at org.testng.Assert.assertEquals(Assert.java:116)
	at org.testng.Assert.assertEquals(Assert.java:305)
	at com.toh.pageObjectRepo.GlobalFunctions.verifyKeyValueAttributesGoogfc(GlobalFunctions.java:253)
	at com.toh.wpqa_65_check_for_key_value_contentid.ConfirmContentidHasValueCPT.confirmContentidHasValueCPT_ContactUsPage(ConfirmContentidHasValueCPT.java:60)
	at sun.reflect.NativeMethodAccessorImpl.invoke0(Native Method)
	at sun.reflect.NativeMethodAccessorImpl.invoke(NativeMethodAccessorImpl.java:62)
	at sun.reflect.DelegatingMethodAccessorImpl.invoke(DelegatingMethodAccessorImpl.java:43)
	at java.lang.reflect.Method.invoke(Method.java:483)
	at org.testng.internal.MethodInvocationHelper.invokeMethod(MethodInvocationHelper.java:86)
	at org.testng.internal.Invoker.invokeMethod(Invoker.java:645)
	at org.testng.internal.Invoker.invokeTestMethod(Invoker.java:822)
	at org.testng.internal.Invoker.invokeTestMethods(Invoker.java:1130)
	at org.testng.internal.TestMethodWorker.invokeTestMethods(TestMethodWorker.java:129)
	at org.testng.internal.TestMethodWorker.run(TestMethodWorker.java:112)
	at org.testng.TestRunner.privateRun(TestRunner.java:782)
	at org.testng.TestRunner.run(TestRunner.java:632)
	at org.testng.SuiteRunner.runTest(SuiteRunner.java:366)
	at org.testng.SuiteRunner.runSequentially(SuiteRunner.java:361)
	at org.testng.SuiteRunner.privateRun(SuiteRunner.java:319)
	at org.testng.SuiteRunner.run(SuiteRunner.java:268)
	at org.testng.SuiteRunnerWorker.runSuite(SuiteRunnerWorker.java:52)
	at org.testng.SuiteRunnerWorker.run(SuiteRunnerWorker.java:86)
	at org.testng.TestNG.runSuitesSequentially(TestNG.java:1244)
	at org.testng.TestNG.runSuitesLocally(TestNG.java:1169)
	at org.testng.TestNG.run(TestNG.java:1064)
	at org.testng.remote.RemoteTestNG.run(RemoteTestNG.java:113)
	at org.testng.remote.RemoteTestNG.initAndRun(RemoteTestNG.java:206)
	at org.testng.remote.RemoteTestNG.main(RemoteTestNG.java:177)
]]>
    </failure>
  </testcase> <!-- confirmContentidHasValueCPT_ContactUsPage -->
  <testcase name="confirmContentidHasValueCPT_SlideshowPage" time="31.377" classname="com.toh.wpqa_65_check_for_key_value_contentid.ConfirmContentidHasValueCPT"/>
  <testcase name="confirmContentidHasValueCPT_HomePage" time="32.065" classname="com.toh.wpqa_65_check_for_key_value_contentid.ConfirmContentidHasValueCPT">
    <failure type="java.lang.AssertionError" message="The Key :contentID doesn&#039;t have any value in the URL: https://staging.constructionprotips.com/?googfc. The actual value fetched from UI is: Setting targeting attribute contentID with value for service publisher_ads expected [true] but found [false]">
      <![CDATA[java.lang.AssertionError: The Key :contentID doesn't have any value in the URL: https://staging.constructionprotips.com/?googfc. The actual value fetched from UI is: Setting targeting attribute contentID with value for service publisher_ads expected [true] but found [false]
	at org.testng.Assert.fail(Assert.java:94)
	at org.testng.Assert.failNotEquals(Assert.java:513)
	at org.testng.Assert.assertEqualsImpl(Assert.java:135)
	at org.testng.Assert.assertEquals(Assert.java:116)
	at org.testng.Assert.assertEquals(Assert.java:305)
	at com.toh.pageObjectRepo.GlobalFunctions.verifyKeyValueAttributesGoogfc(GlobalFunctions.java:253)
	at com.toh.wpqa_65_check_for_key_value_contentid.ConfirmContentidHasValueCPT.confirmContentidHasValueCPT_HomePage(ConfirmContentidHasValueCPT.java:39)
	at sun.reflect.NativeMethodAccessorImpl.invoke0(Native Method)
	at sun.reflect.NativeMethodAccessorImpl.invoke(NativeMethodAccessorImpl.java:62)
	at sun.reflect.DelegatingMethodAccessorImpl.invoke(DelegatingMethodAccessorImpl.java:43)
	at java.lang.reflect.Method.invoke(Method.java:483)
	at org.testng.internal.MethodInvocationHelper.invokeMethod(MethodInvocationHelper.java:86)
	at org.testng.internal.Invoker.invokeMethod(Invoker.java:645)
	at org.testng.internal.Invoker.invokeTestMethod(Invoker.java:822)
	at org.testng.internal.Invoker.invokeTestMethods(Invoker.java:1130)
	at org.testng.internal.TestMethodWorker.invokeTestMethods(TestMethodWorker.java:129)
	at org.testng.internal.TestMethodWorker.run(TestMethodWorker.java:112)
	at org.testng.TestRunner.privateRun(TestRunner.java:782)
	at org.testng.TestRunner.run(TestRunner.java:632)
	at org.testng.SuiteRunner.runTest(SuiteRunner.java:366)
	at org.testng.SuiteRunner.runSequentially(SuiteRunner.java:361)
	at org.testng.SuiteRunner.privateRun(SuiteRunner.java:319)
	at org.testng.SuiteRunner.run(SuiteRunner.java:268)
	at org.testng.SuiteRunnerWorker.runSuite(SuiteRunnerWorker.java:52)
	at org.testng.SuiteRunnerWorker.run(SuiteRunnerWorker.java:86)
	at org.testng.TestNG.runSuitesSequentially(TestNG.java:1244)
	at org.testng.TestNG.runSuitesLocally(TestNG.java:1169)
	at org.testng.TestNG.run(TestNG.java:1064)
	at org.testng.remote.RemoteTestNG.run(RemoteTestNG.java:113)
	at org.testng.remote.RemoteTestNG.initAndRun(RemoteTestNG.java:206)
	at org.testng.remote.RemoteTestNG.main(RemoteTestNG.java:177)
]]>
    </failure>
  </testcase> <!-- confirmContentidHasValueCPT_HomePage -->
  <testcase name="confirmContentidHasValueCPT_ArticlePage" time="44.957" classname="com.toh.wpqa_65_check_for_key_value_contentid.ConfirmContentidHasValueCPT"/>
  <testcase name="confirmContentidHasValueCPT_HubPage" time="32.374" classname="com.toh.wpqa_65_check_for_key_value_contentid.ConfirmContentidHasValueCPT">
    <failure type="java.lang.AssertionError" message="The Key :contentID doesn&#039;t have any value in the URL: https://staging.constructionprotips.com/jobsite-tips/?googfc. The actual value fetched from UI is: Setting targeting attribute contentID with value for service publisher_ads expected [true] but found [false]">
      <![CDATA[java.lang.AssertionError: The Key :contentID doesn't have any value in the URL: https://staging.constructionprotips.com/jobsite-tips/?googfc. The actual value fetched from UI is: Setting targeting attribute contentID with value for service publisher_ads expected [true] but found [false]
	at org.testng.Assert.fail(Assert.java:94)
	at org.testng.Assert.failNotEquals(Assert.java:513)
	at org.testng.Assert.assertEqualsImpl(Assert.java:135)
	at org.testng.Assert.assertEquals(Assert.java:116)
	at org.testng.Assert.assertEquals(Assert.java:305)
	at com.toh.pageObjectRepo.GlobalFunctions.verifyKeyValueAttributesGoogfc(GlobalFunctions.java:253)
	at com.toh.wpqa_65_check_for_key_value_contentid.ConfirmContentidHasValueCPT.confirmContentidHasValueCPT_HubPage(ConfirmContentidHasValueCPT.java:81)
	at sun.reflect.NativeMethodAccessorImpl.invoke0(Native Method)
	at sun.reflect.NativeMethodAccessorImpl.invoke(NativeMethodAccessorImpl.java:62)
	at sun.reflect.DelegatingMethodAccessorImpl.invoke(DelegatingMethodAccessorImpl.java:43)
	at java.lang.reflect.Method.invoke(Method.java:483)
	at org.testng.internal.MethodInvocationHelper.invokeMethod(MethodInvocationHelper.java:86)
	at org.testng.internal.Invoker.invokeMethod(Invoker.java:645)
	at org.testng.internal.Invoker.invokeTestMethod(Invoker.java:822)
	at org.testng.internal.Invoker.invokeTestMethods(Invoker.java:1130)
	at org.testng.internal.TestMethodWorker.invokeTestMethods(TestMethodWorker.java:129)
	at org.testng.internal.TestMethodWorker.run(TestMethodWorker.java:112)
	at org.testng.TestRunner.privateRun(TestRunner.java:782)
	at org.testng.TestRunner.run(TestRunner.java:632)
	at org.testng.SuiteRunner.runTest(SuiteRunner.java:366)
	at org.testng.SuiteRunner.runSequentially(SuiteRunner.java:361)
	at org.testng.SuiteRunner.privateRun(SuiteRunner.java:319)
	at org.testng.SuiteRunner.run(SuiteRunner.java:268)
	at org.testng.SuiteRunnerWorker.runSuite(SuiteRunnerWorker.java:52)
	at org.testng.SuiteRunnerWorker.run(SuiteRunnerWorker.java:86)
	at org.testng.TestNG.runSuitesSequentially(TestNG.java:1244)
	at org.testng.TestNG.runSuitesLocally(TestNG.java:1169)
	at org.testng.TestNG.run(TestNG.java:1064)
	at org.testng.remote.RemoteTestNG.run(RemoteTestNG.java:113)
	at org.testng.remote.RemoteTestNG.initAndRun(RemoteTestNG.java:206)
	at org.testng.remote.RemoteTestNG.main(RemoteTestNG.java:177)
]]>
    </failure>
  </testcase> <!-- confirmContentidHasValueCPT_HubPage -->
  <testcase name="confirmContentidHasValueCPT_ListiclePage" time="43.426" classname="com.toh.wpqa_65_check_for_key_value_contentid.ConfirmContentidHasValueCPT"/>
</testsuite> <!-- com.toh.wpqa_65_check_for_key_value_contentid.ConfirmContentidHasValueCPT -->
