<?xml version="1.0" encoding="UTF-8"?>
<!-- Generated by org.testng.reporters.JUnitReportReporter -->
<testsuite hostname="BLR-P7110592L" name="com.toh.wpqa_65_check_for_key_value_url.ConfirmURLHasValueCPT" tests="7" failures="1" timestamp="2 Jul 2019 10:44:58 GMT" time="222.183" errors="0">
  <testcase name="confirmURLHasValueCPT_VideoHubPage" time="26.049" classname="com.toh.wpqa_65_check_for_key_value_url.ConfirmURLHasValueCPT"/>
  <testcase name="confirmURLHasValueCPT_ContactUsPage" time="24.531" classname="com.toh.wpqa_65_check_for_key_value_url.ConfirmURLHasValueCPT"/>
  <testcase name="confirmURLHasValueCPT_ListiclePage" time="37.333" classname="com.toh.wpqa_65_check_for_key_value_url.ConfirmURLHasValueCPT"/>
  <testcase name="confirmURLHasValueCPT_HomePage" time="30.192" classname="com.toh.wpqa_65_check_for_key_value_url.ConfirmURLHasValueCPT">
    <failure type="java.lang.AssertionError" message="The Key :attribute url doesn&#039;t have any value in the URL: https://staging.constructionprotips.com/?googfc. The actual value fetched from UI is: Setting targeting attribute url with value / for service publisher_ads expected [true] but found [false]">
      <![CDATA[java.lang.AssertionError: The Key :attribute url doesn't have any value in the URL: https://staging.constructionprotips.com/?googfc. The actual value fetched from UI is: Setting targeting attribute url with value / for service publisher_ads expected [true] but found [false]
	at org.testng.Assert.fail(Assert.java:94)
	at org.testng.Assert.failNotEquals(Assert.java:513)
	at org.testng.Assert.assertEqualsImpl(Assert.java:135)
	at org.testng.Assert.assertEquals(Assert.java:116)
	at org.testng.Assert.assertEquals(Assert.java:305)
	at com.toh.pageObjectRepo.GlobalFunctions.verifyKeyValueAttributesGoogfc(GlobalFunctions.java:254)
	at com.toh.wpqa_65_check_for_key_value_url.ConfirmURLHasValueCPT.confirmURLHasValueCPT_HomePage(ConfirmURLHasValueCPT.java:39)
	at sun.reflect.NativeMethodAccessorImpl.invoke0(Native Method)
	at sun.reflect.NativeMethodAccessorImpl.invoke(NativeMethodAccessorImpl.java:62)
	at sun.reflect.DelegatingMethodAccessorImpl.invoke(DelegatingMethodAccessorImpl.java:43)
	at java.lang.reflect.Method.invoke(Method.java:483)
	at org.testng.internal.MethodInvocationHelper.invokeMethod(MethodInvocationHelper.java:86)
	at org.testng.internal.Invoker.invokeMethod(Invoker.java:645)
	at org.testng.internal.Invoker.invokeTestMethod(Invoker.java:822)
	at org.testng.internal.Invoker.invokeTestMethods(Invoker.java:1130)
	at org.testng.internal.TestMethodWorker.invokeTestMethods(TestMethodWorker.java:129)
	at org.testng.internal.TestMethodWorker.run(TestMethodWorker.java:112)
	at org.testng.TestRunner.privateRun(TestRunner.java:782)
	at org.testng.TestRunner.run(TestRunner.java:632)
	at org.testng.SuiteRunner.runTest(SuiteRunner.java:366)
	at org.testng.SuiteRunner.runSequentially(SuiteRunner.java:361)
	at org.testng.SuiteRunner.privateRun(SuiteRunner.java:319)
	at org.testng.SuiteRunner.run(SuiteRunner.java:268)
	at org.testng.SuiteRunnerWorker.runSuite(SuiteRunnerWorker.java:52)
	at org.testng.SuiteRunnerWorker.run(SuiteRunnerWorker.java:86)
	at org.testng.TestNG.runSuitesSequentially(TestNG.java:1244)
	at org.testng.TestNG.runSuitesLocally(TestNG.java:1169)
	at org.testng.TestNG.run(TestNG.java:1064)
	at org.testng.remote.RemoteTestNG.run(RemoteTestNG.java:113)
	at org.testng.remote.RemoteTestNG.initAndRun(RemoteTestNG.java:206)
	at org.testng.remote.RemoteTestNG.main(RemoteTestNG.java:177)
]]>
    </failure>
  </testcase> <!-- confirmURLHasValueCPT_HomePage -->
  <testcase name="confirmURLHasValueCPT_SlideshowPage" time="24.696" classname="com.toh.wpqa_65_check_for_key_value_url.ConfirmURLHasValueCPT"/>
  <testcase name="confirmURLHasValueCPT_HubPage" time="34.969" classname="com.toh.wpqa_65_check_for_key_value_url.ConfirmURLHasValueCPT"/>
  <testcase name="confirmURLHasValueCPT_ArticlePage" time="44.413" classname="com.toh.wpqa_65_check_for_key_value_url.ConfirmURLHasValueCPT"/>
</testsuite> <!-- com.toh.wpqa_65_check_for_key_value_url.ConfirmURLHasValueCPT -->
