<?xml version="1.0" encoding="UTF-8"?>
<!-- Generated by org.testng.reporters.JUnitReportReporter -->
<testsuite hostname="BLR-P7110592L" name="com.toh.wpqa_65.VerifyKeyValueAttributesGoogfcInTOH" tests="3" failures="1" timestamp="14 Jun 2019 09:34:42 GMT" time="10.842" errors="0">
  <testcase name="verifyKeyValueAttributesGoogfcInTOHHomePage0" time="0.106" classname="com.toh.wpqa_65.VerifyKeyValueAttributesGoogfcInTOH"/>
  <testcase name="verifyKeyValueAttributesGoogfcInTOHHomePage1" time="10.691" classname="com.toh.wpqa_65.VerifyKeyValueAttributesGoogfcInTOH">
    <failure type="java.lang.AssertionError" message="The Expected Value: Setting targeting attribute tax1 with novalue homepage for service publisher_ads  not present in the googfc URL: https://staging.tasteofhome.com/?googfc expected [true] but found [false]">
      <![CDATA[java.lang.AssertionError: The Expected Value: Setting targeting attribute tax1 with novalue homepage for service publisher_ads  not present in the googfc URL: https://staging.tasteofhome.com/?googfc expected [true] but found [false]
	at org.testng.Assert.fail(Assert.java:94)
	at org.testng.Assert.failNotEquals(Assert.java:513)
	at org.testng.Assert.assertEqualsImpl(Assert.java:135)
	at org.testng.Assert.assertEquals(Assert.java:116)
	at org.testng.Assert.assertEquals(Assert.java:305)
	at com.toh.pageObjectRepo.GlobalFunctions.verifyKeyValueAttributesGoogfc(GlobalFunctions.java:213)
	at com.toh.wpqa_65.VerifyKeyValueAttributesGoogfcInTOH.verifyKeyValueAttributesGoogfcInTOHHomePage1(VerifyKeyValueAttributesGoogfcInTOH.java:66)
	at sun.reflect.NativeMethodAccessorImpl.invoke0(Native Method)
	at sun.reflect.NativeMethodAccessorImpl.invoke(NativeMethodAccessorImpl.java:62)
	at sun.reflect.DelegatingMethodAccessorImpl.invoke(DelegatingMethodAccessorImpl.java:43)
	at java.lang.reflect.Method.invoke(Method.java:483)
	at org.testng.internal.MethodInvocationHelper.invokeMethod(MethodInvocationHelper.java:86)
	at org.testng.internal.Invoker.invokeMethod(Invoker.java:645)
	at org.testng.internal.Invoker.invokeTestMethod(Invoker.java:822)
	at org.testng.internal.Invoker.invokeTestMethods(Invoker.java:1130)
	at org.testng.internal.TestMethodWorker.invokeTestMethods(TestMethodWorker.java:129)
	at org.testng.internal.TestMethodWorker.run(TestMethodWorker.java:112)
	at org.testng.TestRunner.privateRun(TestRunner.java:782)
	at org.testng.TestRunner.run(TestRunner.java:632)
	at org.testng.SuiteRunner.runTest(SuiteRunner.java:366)
	at org.testng.SuiteRunner.runSequentially(SuiteRunner.java:361)
	at org.testng.SuiteRunner.privateRun(SuiteRunner.java:319)
	at org.testng.SuiteRunner.run(SuiteRunner.java:268)
	at org.testng.SuiteRunnerWorker.runSuite(SuiteRunnerWorker.java:52)
	at org.testng.SuiteRunnerWorker.run(SuiteRunnerWorker.java:86)
	at org.testng.TestNG.runSuitesSequentially(TestNG.java:1244)
	at org.testng.TestNG.runSuitesLocally(TestNG.java:1169)
	at org.testng.TestNG.run(TestNG.java:1064)
	at org.testng.remote.RemoteTestNG.run(RemoteTestNG.java:113)
	at org.testng.remote.RemoteTestNG.initAndRun(RemoteTestNG.java:206)
	at org.testng.remote.RemoteTestNG.main(RemoteTestNG.java:177)
]]>
    </failure>
  </testcase> <!-- verifyKeyValueAttributesGoogfcInTOHHomePage1 -->
  <testcase name="verifyKeyValueAttributesGoogfcInTOHHomePage2" time="0.045" classname="com.toh.wpqa_65.VerifyKeyValueAttributesGoogfcInTOH"/>
</testsuite> <!-- com.toh.wpqa_65.VerifyKeyValueAttributesGoogfcInTOH -->
