<?xml version="1.0" encoding="UTF-8"?>
<!-- Generated by org.testng.reporters.JUnitXMLReporter -->
<testsuite hostname="BLR-P7110592L" name="Test(failed)" tests="7" failures="1" timestamp="26 Jun 2019 09:58:03 GMT" time="365.526" errors="0">
  <testcase name="confirmPosHasValueRD_HubPage" time="40.73" classname="com.toh.wpqa_65_check_for_key_value_pos.ConfirmPosHasValueRD"/>
  <testcase name="confirmPosHasValueRD_HomePage" time="76.983" classname="com.toh.wpqa_65_check_for_key_value_pos.ConfirmPosHasValueRD"/>
  <testcase name="confirmPosHasValueRD_ListiclePage" time="82.324" classname="com.toh.wpqa_65_check_for_key_value_pos.ConfirmPosHasValueRD"/>
  <testcase name="confirmPosHasValueRD_ArticlePage" time="39.165" classname="com.toh.wpqa_65_check_for_key_value_pos.ConfirmPosHasValueRD"/>
  <testcase name="confirmPosHasValueRD_JokeHubPage" time="24.33" classname="com.toh.wpqa_65_check_for_key_value_pos.ConfirmPosHasValueRD"/>
  <testcase name="confirmPosHasValueRD_AboutPage" time="34.367" classname="com.toh.wpqa_65_check_for_key_value_pos.ConfirmPosHasValueRD"/>
  <testcase name="confirmPosHasValueCPT_VideoHubPage" time="51.748" classname="com.toh.wpqa_65_check_for_key_value_pos.ConfirmPosHasValueCPT">
    <failure type="org.openqa.selenium.ElementNotVisibleException" message="element not visible
  (Session info: chrome=75.0.3770.100)
  (Driver info: chromedriver=2.41.578737 (49da6702b16031c40d63e5618de03a32ff6c197e),platform=Windows NT 6.1.7601 SP1 x86_64) (WARNING: The server did not provide any stacktrace information)
Command duration or timeout: 0 milliseconds
Build info: version: &amp;apos;3.14.0&amp;apos;, revision: &amp;apos;aacccce0&amp;apos;, time: &amp;apos;2018-08-02T20:19:58.91Z&amp;apos;
System info: host: &amp;apos;BLR-P7110592L&amp;apos;, ip: &amp;apos;172.26.172.121&amp;apos;, os.name: &amp;apos;Windows 7&amp;apos;, os.arch: &amp;apos;amd64&amp;apos;, os.version: &amp;apos;6.1&amp;apos;, java.version: &amp;apos;1.8.0&amp;apos;
Driver info: org.openqa.selenium.chrome.ChromeDriver
Capabilities {acceptInsecureCerts: false, acceptSslCerts: false, applicationCacheEnabled: false, browserConnectionEnabled: false, browserName: chrome, chrome: {chromedriverVersion: 2.41.578737 (49da6702b16031..., userDataDir: C:\Users\p7110592\AppData\L...}, cssSelectorsEnabled: true, databaseEnabled: false, goog:chromeOptions: {debuggerAddress: localhost:62213}, handlesAlerts: true, hasTouchScreen: true, javascriptEnabled: true, locationContextEnabled: true, mobileEmulationEnabled: true, nativeEvents: true, networkConnectionEnabled: false, pageLoadStrategy: normal, platform: XP, platformName: XP, rotatable: false, setWindowRect: true, takesHeapSnapshot: true, takesScreenshot: true, unexpectedAlertBehaviour: , unhandledPromptBehavior: , version: 75.0.3770.100, webStorageEnabled: true}
Session ID: 3d0be49ea75204f177fd76b9787a1a00">
      <![CDATA[org.openqa.selenium.ElementNotVisibleException: element not visible
  (Session info: chrome=75.0.3770.100)
  (Driver info: chromedriver=2.41.578737 (49da6702b16031c40d63e5618de03a32ff6c197e),platform=Windows NT 6.1.7601 SP1 x86_64) (WARNING: The server did not provide any stacktrace information)
Command duration or timeout: 0 milliseconds
Build info: version: '3.14.0', revision: 'aacccce0', time: '2018-08-02T20:19:58.91Z'
System info: host: 'BLR-P7110592L', ip: '172.26.172.121', os.name: 'Windows 7', os.arch: 'amd64', os.version: '6.1', java.version: '1.8.0'
Driver info: org.openqa.selenium.chrome.ChromeDriver
Capabilities {acceptInsecureCerts: false, acceptSslCerts: false, applicationCacheEnabled: false, browserConnectionEnabled: false, browserName: chrome, chrome: {chromedriverVersion: 2.41.578737 (49da6702b16031..., userDataDir: C:\Users\p7110592\AppData\L...}, cssSelectorsEnabled: true, databaseEnabled: false, goog:chromeOptions: {debuggerAddress: localhost:62213}, handlesAlerts: true, hasTouchScreen: true, javascriptEnabled: true, locationContextEnabled: true, mobileEmulationEnabled: true, nativeEvents: true, networkConnectionEnabled: false, pageLoadStrategy: normal, platform: XP, platformName: XP, rotatable: false, setWindowRect: true, takesHeapSnapshot: true, takesScreenshot: true, unexpectedAlertBehaviour: , unhandledPromptBehavior: , version: 75.0.3770.100, webStorageEnabled: true}
Session ID: 3d0be49ea75204f177fd76b9787a1a00
	at org.openqa.selenium.remote.ErrorHandler.createThrowable(ErrorHandler.java:214)
	at org.openqa.selenium.remote.ErrorHandler.throwIfResponseFailed(ErrorHandler.java:166)
	at org.openqa.selenium.remote.http.JsonHttpResponseCodec.reconstructValue(JsonHttpResponseCodec.java:40)
	at org.openqa.selenium.remote.http.AbstractHttpResponseCodec.decode(AbstractHttpResponseCodec.java:80)
	at org.openqa.selenium.remote.http.AbstractHttpResponseCodec.decode(AbstractHttpResponseCodec.java:44)
	at org.openqa.selenium.remote.HttpCommandExecutor.execute(HttpCommandExecutor.java:158)
	at org.openqa.selenium.remote.service.DriverCommandExecutor.execute(DriverCommandExecutor.java:83)
	at org.openqa.selenium.remote.RemoteWebDriver.execute(RemoteWebDriver.java:548)
	at org.openqa.selenium.remote.RemoteWebElement.execute(RemoteWebElement.java:276)
	at org.openqa.selenium.remote.RemoteWebElement.click(RemoteWebElement.java:83)
	at com.toh.pageObjectRepo.GlobalFunctions.switchToFrame(GlobalFunctions.java:197)
	at com.toh.wpqa_65_check_for_key_value_pos.ConfirmPosHasValueCPT.confirmPosHasValueCPT_VideoHubPage(ConfirmPosHasValueCPT.java:160)
... Removed 28 stack frames]]>
    </failure>
  </testcase> <!-- confirmPosHasValueCPT_VideoHubPage -->
</testsuite> <!-- Test(failed) -->
